{"/Users/akshat/WebstormProjects/KAM/src/domain/services/auth.js": {"path":"/Users/akshat/WebstormProjects/KAM/src/domain/services/auth.js","statementMap":{"0":{"start":{"line":1,"column":15},"end":{"line":1,"column":32}},"1":{"start":{"line":2,"column":12},"end":{"line":2,"column":35}},"2":{"start":{"line":3,"column":19},"end":{"line":3,"column":44}},"3":{"start":{"line":7,"column":20},"end":{"line":76,"column":1}},"4":{"start":{"line":9,"column":8},"end":{"line":35,"column":9}},"5":{"start":{"line":10,"column":47},"end":{"line":10,"column":55}},"6":{"start":{"line":12,"column":12},"end":{"line":14,"column":13}},"7":{"start":{"line":13,"column":16},"end":{"line":13,"column":80}},"8":{"start":{"line":17,"column":33},"end":{"line":17,"column":79}},"9":{"start":{"line":18,"column":12},"end":{"line":20,"column":13}},"10":{"start":{"line":19,"column":16},"end":{"line":19,"column":104}},"11":{"start":{"line":23,"column":35},"end":{"line":23,"column":66}},"12":{"start":{"line":26,"column":25},"end":{"line":26,"column":93}},"13":{"start":{"line":28,"column":12},"end":{"line":31,"column":15}},"14":{"start":{"line":33,"column":12},"end":{"line":33,"column":39}},"15":{"start":{"line":34,"column":12},"end":{"line":34,"column":69}},"16":{"start":{"line":39,"column":39},"end":{"line":39,"column":47}},"17":{"start":{"line":40,"column":8},"end":{"line":55,"column":9}},"18":{"start":{"line":41,"column":25},"end":{"line":41,"column":75}},"19":{"start":{"line":42,"column":12},"end":{"line":44,"column":13}},"20":{"start":{"line":43,"column":16},"end":{"line":43,"column":87}},"21":{"start":{"line":46,"column":26},"end":{"line":50,"column":13}},"22":{"start":{"line":52,"column":12},"end":{"line":52,"column":73}},"23":{"start":{"line":54,"column":12},"end":{"line":54,"column":57}},"24":{"start":{"line":59,"column":8},"end":{"line":73,"column":9}},"25":{"start":{"line":61,"column":25},"end":{"line":63,"column":14}},"26":{"start":{"line":65,"column":12},"end":{"line":67,"column":13}},"27":{"start":{"line":66,"column":16},"end":{"line":66,"column":74}},"28":{"start":{"line":69,"column":12},"end":{"line":69,"column":43}},"29":{"start":{"line":71,"column":12},"end":{"line":71,"column":39}},"30":{"start":{"line":72,"column":12},"end":{"line":72,"column":96}},"31":{"start":{"line":78,"column":0},"end":{"line":78,"column":29}}},"fnMap":{"0":{"name":"(anonymous_0)","decl":{"start":{"line":8,"column":4},"end":{"line":8,"column":5}},"loc":{"start":{"line":8,"column":29},"end":{"line":36,"column":5}},"line":8},"1":{"name":"(anonymous_1)","decl":{"start":{"line":38,"column":4},"end":{"line":38,"column":5}},"loc":{"start":{"line":38,"column":26},"end":{"line":56,"column":5}},"line":38},"2":{"name":"(anonymous_2)","decl":{"start":{"line":58,"column":4},"end":{"line":58,"column":5}},"loc":{"start":{"line":58,"column":28},"end":{"line":74,"column":5}},"line":58}},"branchMap":{"0":{"loc":{"start":{"line":12,"column":12},"end":{"line":14,"column":13}},"type":"if","locations":[{"start":{"line":12,"column":12},"end":{"line":14,"column":13}},{"start":{},"end":{}}],"line":12},"1":{"loc":{"start":{"line":12,"column":16},"end":{"line":12,"column":47}},"type":"binary-expr","locations":[{"start":{"line":12,"column":16},"end":{"line":12,"column":25}},{"start":{"line":12,"column":29},"end":{"line":12,"column":38}},{"start":{"line":12,"column":42},"end":{"line":12,"column":47}}],"line":12},"2":{"loc":{"start":{"line":18,"column":12},"end":{"line":20,"column":13}},"type":"if","locations":[{"start":{"line":18,"column":12},"end":{"line":20,"column":13}},{"start":{},"end":{}}],"line":18},"3":{"loc":{"start":{"line":42,"column":12},"end":{"line":44,"column":13}},"type":"if","locations":[{"start":{"line":42,"column":12},"end":{"line":44,"column":13}},{"start":{},"end":{}}],"line":42},"4":{"loc":{"start":{"line":42,"column":16},"end":{"line":42,"column":73}},"type":"binary-expr","locations":[{"start":{"line":42,"column":16},"end":{"line":42,"column":21}},{"start":{"line":42,"column":25},"end":{"line":42,"column":73}}],"line":42},"5":{"loc":{"start":{"line":65,"column":12},"end":{"line":67,"column":13}},"type":"if","locations":[{"start":{"line":65,"column":12},"end":{"line":67,"column":13}},{"start":{},"end":{}}],"line":65}},"s":{"0":1,"1":1,"2":1,"3":1,"4":1,"5":1,"6":1,"7":0,"8":1,"9":1,"10":0,"11":1,"12":1,"13":1,"14":0,"15":0,"16":2,"17":2,"18":2,"19":2,"20":1,"21":1,"22":1,"23":0,"24":0,"25":0,"26":0,"27":0,"28":0,"29":0,"30":0,"31":1},"f":{"0":1,"1":2,"2":0},"b":{"0":[0,1],"1":[1,1,1],"2":[0,1],"3":[1,1],"4":[2,1],"5":[0,0]},"_coverageSchema":"1a1c01bbd47fc00a2c39e90264f33305004495a9","hash":"6f21acf72cf3ef04115b7919d72b67f0926beeab"}
,"/Users/akshat/WebstormProjects/KAM/src/domain/services/contact.js": {"path":"/Users/akshat/WebstormProjects/KAM/src/domain/services/contact.js","statementMap":{"0":{"start":{"line":1,"column":19},"end":{"line":1,"column":44}},"1":{"start":{"line":3,"column":23},"end":{"line":55,"column":1}},"2":{"start":{"line":10,"column":8},"end":{"line":10,"column":56}},"3":{"start":{"line":18,"column":8},"end":{"line":18,"column":46}},"4":{"start":{"line":27,"column":8},"end":{"line":29,"column":11}},"5":{"start":{"line":39,"column":24},"end":{"line":39,"column":64}},"6":{"start":{"line":40,"column":8},"end":{"line":40,"column":34}},"7":{"start":{"line":40,"column":22},"end":{"line":40,"column":34}},"8":{"start":{"line":41,"column":8},"end":{"line":41,"column":48}},"9":{"start":{"line":50,"column":24},"end":{"line":50,"column":64}},"10":{"start":{"line":51,"column":8},"end":{"line":51,"column":35}},"11":{"start":{"line":51,"column":22},"end":{"line":51,"column":35}},"12":{"start":{"line":52,"column":8},"end":{"line":52,"column":32}},"13":{"start":{"line":53,"column":8},"end":{"line":53,"column":20}},"14":{"start":{"line":57,"column":0},"end":{"line":57,"column":32}}},"fnMap":{"0":{"name":"(anonymous_0)","decl":{"start":{"line":9,"column":4},"end":{"line":9,"column":5}},"loc":{"start":{"line":9,"column":37},"end":{"line":11,"column":5}},"line":9},"1":{"name":"(anonymous_1)","decl":{"start":{"line":17,"column":4},"end":{"line":17,"column":5}},"loc":{"start":{"line":17,"column":27},"end":{"line":19,"column":5}},"line":17},"2":{"name":"(anonymous_2)","decl":{"start":{"line":26,"column":4},"end":{"line":26,"column":5}},"loc":{"start":{"line":26,"column":50},"end":{"line":30,"column":5}},"line":26},"3":{"name":"(anonymous_3)","decl":{"start":{"line":38,"column":4},"end":{"line":38,"column":5}},"loc":{"start":{"line":38,"column":47},"end":{"line":42,"column":5}},"line":38},"4":{"name":"(anonymous_4)","decl":{"start":{"line":49,"column":4},"end":{"line":49,"column":5}},"loc":{"start":{"line":49,"column":35},"end":{"line":54,"column":5}},"line":49}},"branchMap":{"0":{"loc":{"start":{"line":40,"column":8},"end":{"line":40,"column":34}},"type":"if","locations":[{"start":{"line":40,"column":8},"end":{"line":40,"column":34}},{"start":{},"end":{}}],"line":40},"1":{"loc":{"start":{"line":51,"column":8},"end":{"line":51,"column":35}},"type":"if","locations":[{"start":{"line":51,"column":8},"end":{"line":51,"column":35}},{"start":{},"end":{}}],"line":51}},"s":{"0":1,"1":1,"2":1,"3":0,"4":1,"5":1,"6":1,"7":0,"8":1,"9":1,"10":1,"11":0,"12":1,"13":1,"14":1},"f":{"0":1,"1":0,"2":1,"3":1,"4":1},"b":{"0":[0,1],"1":[0,1]},"_coverageSchema":"1a1c01bbd47fc00a2c39e90264f33305004495a9","hash":"00be4dd1c1de4efbe22128049b2bcdf7d4d9fee2"}
,"/Users/akshat/WebstormProjects/KAM/src/domain/services/interaction.js": {"path":"/Users/akshat/WebstormProjects/KAM/src/domain/services/interaction.js","statementMap":{"0":{"start":{"line":1,"column":30},"end":{"line":1,"column":55}},"1":{"start":{"line":2,"column":15},"end":{"line":2,"column":41}},"2":{"start":{"line":4,"column":27},"end":{"line":109,"column":1}},"3":{"start":{"line":6,"column":28},"end":{"line":6,"column":76}},"4":{"start":{"line":8,"column":8},"end":{"line":15,"column":9}},"5":{"start":{"line":9,"column":31},"end":{"line":9,"column":90}},"6":{"start":{"line":10,"column":12},"end":{"line":14,"column":13}},"7":{"start":{"line":12,"column":16},"end":{"line":12,"column":98}},"8":{"start":{"line":13,"column":16},"end":{"line":13,"column":40}},"9":{"start":{"line":17,"column":8},"end":{"line":17,"column":27}},"10":{"start":{"line":21,"column":8},"end":{"line":24,"column":11}},"11":{"start":{"line":28,"column":28},"end":{"line":28,"column":76}},"12":{"start":{"line":29,"column":8},"end":{"line":29,"column":89}},"13":{"start":{"line":29,"column":26},"end":{"line":29,"column":89}},"14":{"start":{"line":30,"column":8},"end":{"line":30,"column":49}},"15":{"start":{"line":34,"column":28},"end":{"line":34,"column":76}},"16":{"start":{"line":35,"column":8},"end":{"line":35,"column":89}},"17":{"start":{"line":35,"column":26},"end":{"line":35,"column":89}},"18":{"start":{"line":36,"column":8},"end":{"line":36,"column":36}},"19":{"start":{"line":37,"column":8},"end":{"line":37,"column":20}},"20":{"start":{"line":42,"column":8},"end":{"line":44,"column":9}},"21":{"start":{"line":43,"column":12},"end":{"line":43,"column":111}},"22":{"start":{"line":46,"column":30},"end":{"line":46,"column":79}},"23":{"start":{"line":48,"column":8},"end":{"line":53,"column":11}},"24":{"start":{"line":57,"column":23},"end":{"line":63,"column":10}},"25":{"start":{"line":65,"column":8},"end":{"line":65,"column":76}},"26":{"start":{"line":65,"column":31},"end":{"line":65,"column":76}},"27":{"start":{"line":67,"column":26},"end":{"line":67,"column":28}},"28":{"start":{"line":68,"column":8},"end":{"line":71,"column":9}},"29":{"start":{"line":68,"column":21},"end":{"line":68,"column":22}},"30":{"start":{"line":69,"column":25},"end":{"line":69,"column":60}},"31":{"start":{"line":70,"column":12},"end":{"line":70,"column":33}},"32":{"start":{"line":73,"column":27},"end":{"line":73,"column":90}},"33":{"start":{"line":73,"column":58},"end":{"line":73,"column":67}},"34":{"start":{"line":74,"column":8},"end":{"line":77,"column":10}},"35":{"start":{"line":81,"column":31},"end":{"line":90,"column":10}},"36":{"start":{"line":92,"column":32},"end":{"line":105,"column":10}},"37":{"start":{"line":93,"column":38},"end":{"line":95,"column":13}},"38":{"start":{"line":94,"column":33},"end":{"line":94,"column":61}},"39":{"start":{"line":97,"column":35},"end":{"line":97,"column":59}},"40":{"start":{"line":98,"column":12},"end":{"line":104,"column":14}},"41":{"start":{"line":107,"column":8},"end":{"line":107,"column":31}},"42":{"start":{"line":111,"column":0},"end":{"line":111,"column":36}}},"fnMap":{"0":{"name":"(anonymous_0)","decl":{"start":{"line":5,"column":4},"end":{"line":5,"column":5}},"loc":{"start":{"line":5,"column":45},"end":{"line":18,"column":5}},"line":5},"1":{"name":"(anonymous_1)","decl":{"start":{"line":20,"column":4},"end":{"line":20,"column":5}},"loc":{"start":{"line":20,"column":54},"end":{"line":25,"column":5}},"line":20},"2":{"name":"(anonymous_2)","decl":{"start":{"line":27,"column":4},"end":{"line":27,"column":5}},"loc":{"start":{"line":27,"column":52},"end":{"line":31,"column":5}},"line":27},"3":{"name":"(anonymous_3)","decl":{"start":{"line":33,"column":4},"end":{"line":33,"column":5}},"loc":{"start":{"line":33,"column":43},"end":{"line":38,"column":5}},"line":33},"4":{"name":"(anonymous_4)","decl":{"start":{"line":40,"column":4},"end":{"line":40,"column":5}},"loc":{"start":{"line":40,"column":47},"end":{"line":54,"column":5}},"line":40},"5":{"name":"(anonymous_5)","decl":{"start":{"line":56,"column":4},"end":{"line":56,"column":5}},"loc":{"start":{"line":56,"column":42},"end":{"line":78,"column":5}},"line":56},"6":{"name":"(anonymous_6)","decl":{"start":{"line":73,"column":44},"end":{"line":73,"column":45}},"loc":{"start":{"line":73,"column":58},"end":{"line":73,"column":67}},"line":73},"7":{"name":"(anonymous_7)","decl":{"start":{"line":80,"column":4},"end":{"line":80,"column":5}},"loc":{"start":{"line":80,"column":31},"end":{"line":108,"column":5}},"line":80},"8":{"name":"(anonymous_8)","decl":{"start":{"line":92,"column":51},"end":{"line":92,"column":52}},"loc":{"start":{"line":92,"column":67},"end":{"line":105,"column":9}},"line":92},"9":{"name":"(anonymous_9)","decl":{"start":{"line":94,"column":16},"end":{"line":94,"column":17}},"loc":{"start":{"line":94,"column":33},"end":{"line":94,"column":61}},"line":94}},"branchMap":{"0":{"loc":{"start":{"line":8,"column":8},"end":{"line":15,"column":9}},"type":"if","locations":[{"start":{"line":8,"column":8},"end":{"line":15,"column":9}},{"start":{},"end":{}}],"line":8},"1":{"loc":{"start":{"line":10,"column":12},"end":{"line":14,"column":13}},"type":"if","locations":[{"start":{"line":10,"column":12},"end":{"line":14,"column":13}},{"start":{},"end":{}}],"line":10},"2":{"loc":{"start":{"line":12,"column":51},"end":{"line":12,"column":81}},"type":"binary-expr","locations":[{"start":{"line":12,"column":51},"end":{"line":12,"column":67}},{"start":{"line":12,"column":71},"end":{"line":12,"column":81}}],"line":12},"3":{"loc":{"start":{"line":29,"column":8},"end":{"line":29,"column":89}},"type":"if","locations":[{"start":{"line":29,"column":8},"end":{"line":29,"column":89}},{"start":{},"end":{}}],"line":29},"4":{"loc":{"start":{"line":35,"column":8},"end":{"line":35,"column":89}},"type":"if","locations":[{"start":{"line":35,"column":8},"end":{"line":35,"column":89}},{"start":{},"end":{}}],"line":35},"5":{"loc":{"start":{"line":40,"column":29},"end":{"line":40,"column":45}},"type":"default-arg","locations":[{"start":{"line":40,"column":40},"end":{"line":40,"column":45}}],"line":40},"6":{"loc":{"start":{"line":42,"column":8},"end":{"line":44,"column":9}},"type":"if","locations":[{"start":{"line":42,"column":8},"end":{"line":44,"column":9}},{"start":{},"end":{}}],"line":42},"7":{"loc":{"start":{"line":65,"column":8},"end":{"line":65,"column":76}},"type":"if","locations":[{"start":{"line":65,"column":8},"end":{"line":65,"column":76}},{"start":{},"end":{}}],"line":65},"8":{"loc":{"start":{"line":103,"column":24},"end":{"line":103,"column":82}},"type":"cond-expr","locations":[{"start":{"line":103,"column":45},"end":{"line":103,"column":62}},{"start":{"line":103,"column":65},"end":{"line":103,"column":82}}],"line":103}},"s":{"0":1,"1":1,"2":1,"3":1,"4":1,"5":0,"6":0,"7":0,"8":0,"9":1,"10":1,"11":1,"12":1,"13":0,"14":1,"15":1,"16":1,"17":0,"18":1,"19":1,"20":0,"21":0,"22":0,"23":0,"24":0,"25":0,"26":0,"27":0,"28":0,"29":0,"30":0,"31":0,"32":0,"33":0,"34":0,"35":0,"36":0,"37":0,"38":0,"39":0,"40":0,"41":0,"42":1},"f":{"0":1,"1":1,"2":1,"3":1,"4":0,"5":0,"6":0,"7":0,"8":0,"9":0},"b":{"0":[0,1],"1":[0,0],"2":[0,0],"3":[0,1],"4":[0,1],"5":[0],"6":[0,0],"7":[0,0],"8":[0,0]},"_coverageSchema":"1a1c01bbd47fc00a2c39e90264f33305004495a9","hash":"a8173df05bdf17d4d0e676c8f847071f35046295"}
,"/Users/akshat/WebstormProjects/KAM/src/domain/services/restaurant.js": {"path":"/Users/akshat/WebstormProjects/KAM/src/domain/services/restaurant.js","statementMap":{"0":{"start":{"line":1,"column":30},"end":{"line":1,"column":55}},"1":{"start":{"line":3,"column":26},"end":{"line":106,"column":1}},"2":{"start":{"line":5,"column":8},"end":{"line":5,"column":62}},"3":{"start":{"line":9,"column":8},"end":{"line":9,"column":49}},"4":{"start":{"line":13,"column":8},"end":{"line":13,"column":52}},"5":{"start":{"line":17,"column":27},"end":{"line":17,"column":63}},"6":{"start":{"line":18,"column":8},"end":{"line":18,"column":37}},"7":{"start":{"line":18,"column":25},"end":{"line":18,"column":37}},"8":{"start":{"line":19,"column":8},"end":{"line":19,"column":51}},"9":{"start":{"line":23,"column":27},"end":{"line":23,"column":63}},"10":{"start":{"line":24,"column":8},"end":{"line":24,"column":38}},"11":{"start":{"line":24,"column":25},"end":{"line":24,"column":38}},"12":{"start":{"line":25,"column":8},"end":{"line":25,"column":35}},"13":{"start":{"line":26,"column":8},"end":{"line":26,"column":20}},"14":{"start":{"line":30,"column":8},"end":{"line":39,"column":11}},"15":{"start":{"line":43,"column":8},"end":{"line":104,"column":9}},"16":{"start":{"line":44,"column":32},"end":{"line":52,"column":14}},"17":{"start":{"line":54,"column":12},"end":{"line":100,"column":15}},"18":{"start":{"line":55,"column":37},"end":{"line":55,"column":66}},"19":{"start":{"line":56,"column":42},"end":{"line":56,"column":88}},"20":{"start":{"line":56,"column":69},"end":{"line":56,"column":87}},"21":{"start":{"line":58,"column":36},"end":{"line":58,"column":60}},"22":{"start":{"line":60,"column":16},"end":{"line":69,"column":17}},"23":{"start":{"line":61,"column":20},"end":{"line":68,"column":22}},"24":{"start":{"line":72,"column":20},"end":{"line":84,"column":30}},"25":{"start":{"line":75,"column":32},"end":{"line":75,"column":60}},"26":{"start":{"line":75,"column":49},"end":{"line":75,"column":60}},"27":{"start":{"line":76,"column":56},"end":{"line":76,"column":84}},"28":{"start":{"line":78,"column":36},"end":{"line":79,"column":57}},"29":{"start":{"line":80,"column":32},"end":{"line":80,"column":55}},"30":{"start":{"line":87,"column":20},"end":{"line":91,"column":48}},"31":{"start":{"line":93,"column":16},"end":{"line":99,"column":18}},"32":{"start":{"line":102,"column":12},"end":{"line":102,"column":89}},"33":{"start":{"line":103,"column":12},"end":{"line":103,"column":67}},"34":{"start":{"line":108,"column":0},"end":{"line":108,"column":35}}},"fnMap":{"0":{"name":"(anonymous_0)","decl":{"start":{"line":4,"column":4},"end":{"line":4,"column":5}},"loc":{"start":{"line":4,"column":43},"end":{"line":6,"column":5}},"line":4},"1":{"name":"(anonymous_1)","decl":{"start":{"line":8,"column":4},"end":{"line":8,"column":5}},"loc":{"start":{"line":8,"column":30},"end":{"line":10,"column":5}},"line":8},"2":{"name":"(anonymous_2)","decl":{"start":{"line":12,"column":4},"end":{"line":12,"column":5}},"loc":{"start":{"line":12,"column":32},"end":{"line":14,"column":5}},"line":12},"3":{"name":"(anonymous_3)","decl":{"start":{"line":16,"column":4},"end":{"line":16,"column":5}},"loc":{"start":{"line":16,"column":43},"end":{"line":20,"column":5}},"line":16},"4":{"name":"(anonymous_4)","decl":{"start":{"line":22,"column":4},"end":{"line":22,"column":5}},"loc":{"start":{"line":22,"column":31},"end":{"line":27,"column":5}},"line":22},"5":{"name":"(anonymous_5)","decl":{"start":{"line":29,"column":4},"end":{"line":29,"column":5}},"loc":{"start":{"line":29,"column":31},"end":{"line":40,"column":5}},"line":29},"6":{"name":"(anonymous_6)","decl":{"start":{"line":42,"column":4},"end":{"line":42,"column":5}},"loc":{"start":{"line":42,"column":34},"end":{"line":105,"column":5}},"line":42},"7":{"name":"(anonymous_7)","decl":{"start":{"line":54,"column":35},"end":{"line":54,"column":36}},"loc":{"start":{"line":54,"column":51},"end":{"line":100,"column":13}},"line":54},"8":{"name":"(anonymous_8)","decl":{"start":{"line":56,"column":62},"end":{"line":56,"column":63}},"loc":{"start":{"line":56,"column":69},"end":{"line":56,"column":87}},"line":56},"9":{"name":"(anonymous_9)","decl":{"start":{"line":74,"column":53},"end":{"line":74,"column":54}},"loc":{"start":{"line":74,"column":82},"end":{"line":81,"column":29}},"line":74}},"branchMap":{"0":{"loc":{"start":{"line":18,"column":8},"end":{"line":18,"column":37}},"type":"if","locations":[{"start":{"line":18,"column":8},"end":{"line":18,"column":37}},{"start":{},"end":{}}],"line":18},"1":{"loc":{"start":{"line":24,"column":8},"end":{"line":24,"column":38}},"type":"if","locations":[{"start":{"line":24,"column":8},"end":{"line":24,"column":38}},{"start":{},"end":{}}],"line":24},"2":{"loc":{"start":{"line":55,"column":37},"end":{"line":55,"column":66}},"type":"binary-expr","locations":[{"start":{"line":55,"column":37},"end":{"line":55,"column":60}},{"start":{"line":55,"column":64},"end":{"line":55,"column":66}}],"line":55},"3":{"loc":{"start":{"line":60,"column":16},"end":{"line":69,"column":17}},"type":"if","locations":[{"start":{"line":60,"column":16},"end":{"line":69,"column":17}},{"start":{},"end":{}}],"line":60},"4":{"loc":{"start":{"line":72,"column":20},"end":{"line":84,"column":30}},"type":"cond-expr","locations":[{"start":{"line":73,"column":26},"end":{"line":83,"column":25}},{"start":{"line":84,"column":26},"end":{"line":84,"column":30}}],"line":72},"5":{"loc":{"start":{"line":75,"column":32},"end":{"line":75,"column":60}},"type":"if","locations":[{"start":{"line":75,"column":32},"end":{"line":75,"column":60}},{"start":{},"end":{}}],"line":75},"6":{"loc":{"start":{"line":87,"column":20},"end":{"line":91,"column":48}},"type":"cond-expr","locations":[{"start":{"line":88,"column":26},"end":{"line":88,"column":43}},{"start":{"line":89,"column":26},"end":{"line":91,"column":48}}],"line":87},"7":{"loc":{"start":{"line":89,"column":26},"end":{"line":91,"column":48}},"type":"cond-expr","locations":[{"start":{"line":90,"column":30},"end":{"line":90,"column":39}},{"start":{"line":91,"column":30},"end":{"line":91,"column":48}}],"line":89},"8":{"loc":{"start":{"line":102,"column":65},"end":{"line":102,"column":87}},"type":"binary-expr","locations":[{"start":{"line":102,"column":65},"end":{"line":102,"column":78}},{"start":{"line":102,"column":82},"end":{"line":102,"column":87}}],"line":102}},"s":{"0":1,"1":1,"2":1,"3":0,"4":0,"5":0,"6":0,"7":0,"8":0,"9":1,"10":1,"11":0,"12":1,"13":1,"14":0,"15":1,"16":1,"17":1,"18":1,"19":1,"20":3,"21":1,"22":1,"23":0,"24":1,"25":3,"26":1,"27":2,"28":2,"29":2,"30":1,"31":1,"32":0,"33":0,"34":1},"f":{"0":1,"1":0,"2":0,"3":0,"4":1,"5":0,"6":1,"7":1,"8":3,"9":3},"b":{"0":[0,0],"1":[0,1],"2":[1,0],"3":[0,1],"4":[1,0],"5":[1,2],"6":[0,1],"7":[1,0],"8":[0,0]},"_coverageSchema":"1a1c01bbd47fc00a2c39e90264f33305004495a9","hash":"248595429ed5c81a00296e45ec7b46d99195220d"}
,"/Users/akshat/WebstormProjects/KAM/src/infra/db/index.js": {"path":"/Users/akshat/WebstormProjects/KAM/src/infra/db/index.js","statementMap":{"0":{"start":{"line":1,"column":22},"end":{"line":1,"column":42}},"1":{"start":{"line":2,"column":30},"end":{"line":2,"column":49}},"2":{"start":{"line":4,"column":0},"end":{"line":4,"column":50}}},"fnMap":{},"branchMap":{},"s":{"0":4,"1":4,"2":4},"f":{},"b":{},"_coverageSchema":"1a1c01bbd47fc00a2c39e90264f33305004495a9","hash":"55cb45aae6dfde36b5e328b6a3019f73732a4127"}
,"/Users/akshat/WebstormProjects/KAM/src/infra/db/models/address.js": {"path":"/Users/akshat/WebstormProjects/KAM/src/infra/db/models/address.js","statementMap":{"0":{"start":{"line":1,"column":29},"end":{"line":1,"column":49}},"1":{"start":{"line":5,"column":0},"end":{"line":57,"column":2}},"2":{"start":{"line":6,"column":4},"end":{"line":44,"column":6}},"3":{"start":{"line":47,"column":4},"end":{"line":54,"column":6}},"4":{"start":{"line":49,"column":8},"end":{"line":53,"column":11}},"5":{"start":{"line":56,"column":4},"end":{"line":56,"column":19}}},"fnMap":{"0":{"name":"(anonymous_0)","decl":{"start":{"line":5,"column":17},"end":{"line":5,"column":18}},"loc":{"start":{"line":5,"column":32},"end":{"line":57,"column":1}},"line":5},"1":{"name":"(anonymous_1)","decl":{"start":{"line":47,"column":24},"end":{"line":47,"column":25}},"loc":{"start":{"line":47,"column":36},"end":{"line":54,"column":5}},"line":47}},"branchMap":{},"s":{"0":4,"1":4,"2":4,"3":4,"4":4,"5":4},"f":{"0":4,"1":4},"b":{},"_coverageSchema":"1a1c01bbd47fc00a2c39e90264f33305004495a9","hash":"2093485ad1608f86864ddabed5e6767f67576040"}
,"/Users/akshat/WebstormProjects/KAM/src/infra/db/models/contact.js": {"path":"/Users/akshat/WebstormProjects/KAM/src/infra/db/models/contact.js","statementMap":{"0":{"start":{"line":2,"column":29},"end":{"line":2,"column":49}},"1":{"start":{"line":6,"column":0},"end":{"line":60,"column":2}},"2":{"start":{"line":7,"column":4},"end":{"line":49,"column":6}},"3":{"start":{"line":51,"column":4},"end":{"line":56,"column":6}},"4":{"start":{"line":52,"column":8},"end":{"line":55,"column":11}},"5":{"start":{"line":59,"column":4},"end":{"line":59,"column":19}}},"fnMap":{"0":{"name":"(anonymous_0)","decl":{"start":{"line":6,"column":17},"end":{"line":6,"column":18}},"loc":{"start":{"line":6,"column":32},"end":{"line":60,"column":1}},"line":6},"1":{"name":"(anonymous_1)","decl":{"start":{"line":51,"column":24},"end":{"line":51,"column":25}},"loc":{"start":{"line":51,"column":36},"end":{"line":56,"column":5}},"line":51}},"branchMap":{},"s":{"0":4,"1":4,"2":4,"3":4,"4":4,"5":4},"f":{"0":4,"1":4},"b":{},"_coverageSchema":"1a1c01bbd47fc00a2c39e90264f33305004495a9","hash":"50ad3e80ccba9223fd6f1ef5c9e1f357b61c4250"}
,"/Users/akshat/WebstormProjects/KAM/src/infra/db/models/index.js": {"path":"/Users/akshat/WebstormProjects/KAM/src/infra/db/models/index.js","statementMap":{"0":{"start":{"line":1,"column":11},"end":{"line":1,"column":24}},"1":{"start":{"line":2,"column":13},"end":{"line":2,"column":28}},"2":{"start":{"line":3,"column":33},"end":{"line":3,"column":53}},"3":{"start":{"line":4,"column":0},"end":{"line":4,"column":27}},"4":{"start":{"line":6,"column":18},"end":{"line":16,"column":1}},"5":{"start":{"line":18,"column":15},"end":{"line":18,"column":17}},"6":{"start":{"line":21,"column":17},"end":{"line":21,"column":42}},"7":{"start":{"line":22,"column":0},"end":{"line":27,"column":7}},"8":{"start":{"line":23,"column":22},"end":{"line":23,"column":94}},"9":{"start":{"line":25,"column":22},"end":{"line":25,"column":79}},"10":{"start":{"line":26,"column":8},"end":{"line":26,"column":35}},"11":{"start":{"line":30,"column":0},"end":{"line":34,"column":3}},"12":{"start":{"line":31,"column":4},"end":{"line":33,"column":5}},"13":{"start":{"line":32,"column":8},"end":{"line":32,"column":44}},"14":{"start":{"line":37,"column":0},"end":{"line":37,"column":39}}},"fnMap":{"0":{"name":"(anonymous_0)","decl":{"start":{"line":23,"column":12},"end":{"line":23,"column":13}},"loc":{"start":{"line":23,"column":22},"end":{"line":23,"column":94}},"line":23},"1":{"name":"(anonymous_1)","decl":{"start":{"line":24,"column":13},"end":{"line":24,"column":14}},"loc":{"start":{"line":24,"column":23},"end":{"line":27,"column":5}},"line":24},"2":{"name":"(anonymous_2)","decl":{"start":{"line":30,"column":28},"end":{"line":30,"column":29}},"loc":{"start":{"line":30,"column":43},"end":{"line":34,"column":1}},"line":30}},"branchMap":{"0":{"loc":{"start":{"line":23,"column":22},"end":{"line":23,"column":94}},"type":"binary-expr","locations":[{"start":{"line":23,"column":22},"end":{"line":23,"column":45}},{"start":{"line":23,"column":49},"end":{"line":23,"column":66}},{"start":{"line":23,"column":70},"end":{"line":23,"column":94}}],"line":23},"1":{"loc":{"start":{"line":31,"column":4},"end":{"line":33,"column":5}},"type":"if","locations":[{"start":{"line":31,"column":4},"end":{"line":33,"column":5}},{"start":{},"end":{}}],"line":31}},"s":{"0":4,"1":4,"2":4,"3":4,"4":4,"5":4,"6":4,"7":4,"8":24,"9":20,"10":20,"11":4,"12":20,"13":20,"14":4},"f":{"0":24,"1":20,"2":20},"b":{"0":[24,24,20],"1":[20,0]},"_coverageSchema":"1a1c01bbd47fc00a2c39e90264f33305004495a9","hash":"a8a2f87edb414773cd52d466506b8069bd250c19"}
,"/Users/akshat/WebstormProjects/KAM/src/infra/db/models/interaction.js": {"path":"/Users/akshat/WebstormProjects/KAM/src/infra/db/models/interaction.js","statementMap":{"0":{"start":{"line":1,"column":29},"end":{"line":1,"column":49}},"1":{"start":{"line":5,"column":0},"end":{"line":53,"column":2}},"2":{"start":{"line":6,"column":4},"end":{"line":40,"column":6}},"3":{"start":{"line":43,"column":4},"end":{"line":49,"column":6}},"4":{"start":{"line":44,"column":8},"end":{"line":48,"column":11}},"5":{"start":{"line":52,"column":4},"end":{"line":52,"column":23}}},"fnMap":{"0":{"name":"(anonymous_0)","decl":{"start":{"line":5,"column":17},"end":{"line":5,"column":18}},"loc":{"start":{"line":5,"column":32},"end":{"line":53,"column":1}},"line":5},"1":{"name":"(anonymous_1)","decl":{"start":{"line":43,"column":28},"end":{"line":43,"column":29}},"loc":{"start":{"line":43,"column":40},"end":{"line":49,"column":5}},"line":43}},"branchMap":{},"s":{"0":4,"1":4,"2":4,"3":4,"4":4,"5":4},"f":{"0":4,"1":4},"b":{},"_coverageSchema":"1a1c01bbd47fc00a2c39e90264f33305004495a9","hash":"84009dcedc6a968e94d651be63e7129b3f9a416c"}
,"/Users/akshat/WebstormProjects/KAM/src/infra/db/models/restaurant.js": {"path":"/Users/akshat/WebstormProjects/KAM/src/infra/db/models/restaurant.js","statementMap":{"0":{"start":{"line":1,"column":29},"end":{"line":1,"column":49}},"1":{"start":{"line":5,"column":0},"end":{"line":72,"column":2}},"2":{"start":{"line":6,"column":4},"end":{"line":45,"column":6}},"3":{"start":{"line":48,"column":4},"end":{"line":68,"column":6}},"4":{"start":{"line":50,"column":8},"end":{"line":53,"column":11}},"5":{"start":{"line":56,"column":8},"end":{"line":60,"column":11}},"6":{"start":{"line":63,"column":8},"end":{"line":67,"column":11}},"7":{"start":{"line":71,"column":4},"end":{"line":71,"column":22}}},"fnMap":{"0":{"name":"(anonymous_0)","decl":{"start":{"line":5,"column":17},"end":{"line":5,"column":18}},"loc":{"start":{"line":5,"column":32},"end":{"line":72,"column":1}},"line":5},"1":{"name":"(anonymous_1)","decl":{"start":{"line":48,"column":27},"end":{"line":48,"column":28}},"loc":{"start":{"line":48,"column":39},"end":{"line":68,"column":5}},"line":48}},"branchMap":{},"s":{"0":4,"1":4,"2":4,"3":4,"4":4,"5":4,"6":4,"7":4},"f":{"0":4,"1":4},"b":{},"_coverageSchema":"1a1c01bbd47fc00a2c39e90264f33305004495a9","hash":"dd7c04c368297084ca26b7b877e6243f2de6a9aa"}
,"/Users/akshat/WebstormProjects/KAM/src/infra/db/models/user.js": {"path":"/Users/akshat/WebstormProjects/KAM/src/infra/db/models/user.js","statementMap":{"0":{"start":{"line":1,"column":29},"end":{"line":1,"column":49}},"1":{"start":{"line":5,"column":0},"end":{"line":44,"column":2}},"2":{"start":{"line":6,"column":4},"end":{"line":33,"column":6}},"3":{"start":{"line":35,"column":4},"end":{"line":41,"column":6}},"4":{"start":{"line":36,"column":8},"end":{"line":40,"column":11}},"5":{"start":{"line":43,"column":4},"end":{"line":43,"column":16}}},"fnMap":{"0":{"name":"(anonymous_0)","decl":{"start":{"line":5,"column":17},"end":{"line":5,"column":18}},"loc":{"start":{"line":5,"column":32},"end":{"line":44,"column":1}},"line":5},"1":{"name":"(anonymous_1)","decl":{"start":{"line":35,"column":21},"end":{"line":35,"column":22}},"loc":{"start":{"line":35,"column":33},"end":{"line":41,"column":5}},"line":35}},"branchMap":{},"s":{"0":4,"1":4,"2":4,"3":4,"4":4,"5":4},"f":{"0":4,"1":4},"b":{},"_coverageSchema":"1a1c01bbd47fc00a2c39e90264f33305004495a9","hash":"4b22291a64e8b3096807437f631e1400cf867240"}
,"/Users/akshat/WebstormProjects/KAM/src/utils/timezone.js": {"path":"/Users/akshat/WebstormProjects/KAM/src/utils/timezone.js","statementMap":{"0":{"start":{"line":1,"column":15},"end":{"line":1,"column":41}},"1":{"start":{"line":3,"column":22},"end":{"line":42,"column":1}},"2":{"start":{"line":10,"column":8},"end":{"line":10,"column":43}},"3":{"start":{"line":20,"column":8},"end":{"line":20,"column":54}},"4":{"start":{"line":31,"column":8},"end":{"line":31,"column":69}},"5":{"start":{"line":40,"column":8},"end":{"line":40,"column":44}},"6":{"start":{"line":44,"column":0},"end":{"line":44,"column":31}}},"fnMap":{"0":{"name":"(anonymous_0)","decl":{"start":{"line":9,"column":4},"end":{"line":9,"column":5}},"loc":{"start":{"line":9,"column":16},"end":{"line":11,"column":5}},"line":9},"1":{"name":"(anonymous_1)","decl":{"start":{"line":19,"column":4},"end":{"line":19,"column":5}},"loc":{"start":{"line":19,"column":28},"end":{"line":21,"column":5}},"line":19},"2":{"name":"(anonymous_2)","decl":{"start":{"line":30,"column":4},"end":{"line":30,"column":5}},"loc":{"start":{"line":30,"column":52},"end":{"line":32,"column":5}},"line":30},"3":{"name":"(anonymous_3)","decl":{"start":{"line":39,"column":4},"end":{"line":39,"column":5}},"loc":{"start":{"line":39,"column":28},"end":{"line":41,"column":5}},"line":39}},"branchMap":{},"s":{"0":1,"1":1,"2":0,"3":0,"4":0,"5":0,"6":1},"f":{"0":0,"1":0,"2":0,"3":0},"b":{},"_coverageSchema":"1a1c01bbd47fc00a2c39e90264f33305004495a9","hash":"3509ef79e7ef00ce66a6dba1a6a0ecfb7e3fbc17"}
}
