TN:
SF:src/domain/services/auth.js
FN:8,(anonymous_0)
FN:38,(anonymous_1)
FN:58,(anonymous_2)
FNF:3
FNH:2
FNDA:1,(anonymous_0)
FNDA:2,(anonymous_1)
FNDA:0,(anonymous_2)
DA:1,1
DA:2,1
DA:3,1
DA:7,1
DA:9,1
DA:10,1
DA:12,1
DA:13,0
DA:17,1
DA:18,1
DA:19,0
DA:23,1
DA:26,1
DA:28,1
DA:33,0
DA:34,0
DA:39,2
DA:40,2
DA:41,2
DA:42,2
DA:43,1
DA:46,1
DA:52,1
DA:54,0
DA:59,0
DA:61,0
DA:65,0
DA:66,0
DA:69,0
DA:71,0
DA:72,0
DA:78,1
LF:32
LH:20
BRDA:12,0,0,0
BRDA:12,0,1,1
BRDA:12,1,0,1
BRDA:12,1,1,1
BRDA:12,1,2,1
BRDA:18,2,0,0
BRDA:18,2,1,1
BRDA:42,3,0,1
BRDA:42,3,1,1
BRDA:42,4,0,2
BRDA:42,4,1,1
BRDA:65,5,0,0
BRDA:65,5,1,0
BRF:13
BRH:9
end_of_record
TN:
SF:src/domain/services/contact.js
FN:9,(anonymous_0)
FN:17,(anonymous_1)
FN:26,(anonymous_2)
FN:38,(anonymous_3)
FN:49,(anonymous_4)
FNF:5
FNH:4
FNDA:1,(anonymous_0)
FNDA:0,(anonymous_1)
FNDA:1,(anonymous_2)
FNDA:1,(anonymous_3)
FNDA:1,(anonymous_4)
DA:1,1
DA:3,1
DA:10,1
DA:18,0
DA:27,1
DA:39,1
DA:40,1
DA:41,1
DA:50,1
DA:51,1
DA:52,1
DA:53,1
DA:57,1
LF:13
LH:12
BRDA:40,0,0,0
BRDA:40,0,1,1
BRDA:51,1,0,0
BRDA:51,1,1,1
BRF:4
BRH:2
end_of_record
TN:
SF:src/domain/services/interaction.js
FN:5,(anonymous_0)
FN:20,(anonymous_1)
FN:27,(anonymous_2)
FN:33,(anonymous_3)
FN:40,(anonymous_4)
FN:56,(anonymous_5)
FN:73,(anonymous_6)
FN:80,(anonymous_7)
FN:92,(anonymous_8)
FN:94,(anonymous_9)
FNF:10
FNH:4
FNDA:1,(anonymous_0)
FNDA:1,(anonymous_1)
FNDA:1,(anonymous_2)
FNDA:1,(anonymous_3)
FNDA:0,(anonymous_4)
FNDA:0,(anonymous_5)
FNDA:0,(anonymous_6)
FNDA:0,(anonymous_7)
FNDA:0,(anonymous_8)
FNDA:0,(anonymous_9)
DA:1,1
DA:2,1
DA:4,1
DA:6,1
DA:8,1
DA:9,0
DA:10,0
DA:12,0
DA:13,0
DA:17,1
DA:21,1
DA:28,1
DA:29,1
DA:30,1
DA:34,1
DA:35,1
DA:36,1
DA:37,1
DA:42,0
DA:43,0
DA:46,0
DA:48,0
DA:57,0
DA:65,0
DA:67,0
DA:68,0
DA:69,0
DA:70,0
DA:73,0
DA:74,0
DA:81,0
DA:92,0
DA:93,0
DA:94,0
DA:97,0
DA:98,0
DA:107,0
DA:111,1
LF:38
LH:15
BRDA:8,0,0,0
BRDA:8,0,1,1
BRDA:10,1,0,0
BRDA:10,1,1,0
BRDA:12,2,0,0
BRDA:12,2,1,0
BRDA:29,3,0,0
BRDA:29,3,1,1
BRDA:35,4,0,0
BRDA:35,4,1,1
BRDA:40,5,0,0
BRDA:42,6,0,0
BRDA:42,6,1,0
BRDA:65,7,0,0
BRDA:65,7,1,0
BRDA:103,8,0,0
BRDA:103,8,1,0
BRF:17
BRH:3
end_of_record
TN:
SF:src/domain/services/restaurant.js
FN:4,(anonymous_0)
FN:8,(anonymous_1)
FN:12,(anonymous_2)
FN:16,(anonymous_3)
FN:22,(anonymous_4)
FN:29,(anonymous_5)
FN:42,(anonymous_6)
FN:54,(anonymous_7)
FN:56,(anonymous_8)
FN:74,(anonymous_9)
FNF:10
FNH:6
FNDA:1,(anonymous_0)
FNDA:0,(anonymous_1)
FNDA:0,(anonymous_2)
FNDA:0,(anonymous_3)
FNDA:1,(anonymous_4)
FNDA:0,(anonymous_5)
FNDA:1,(anonymous_6)
FNDA:1,(anonymous_7)
FNDA:3,(anonymous_8)
FNDA:3,(anonymous_9)
DA:1,1
DA:3,1
DA:5,1
DA:9,0
DA:13,0
DA:17,0
DA:18,0
DA:19,0
DA:23,1
DA:24,1
DA:25,1
DA:26,1
DA:30,0
DA:43,1
DA:44,1
DA:54,1
DA:55,1
DA:56,3
DA:58,1
DA:60,1
DA:61,0
DA:72,1
DA:75,3
DA:76,2
DA:78,2
DA:80,2
DA:87,1
DA:93,1
DA:102,0
DA:103,0
DA:108,1
LF:31
LH:22
BRDA:18,0,0,0
BRDA:18,0,1,0
BRDA:24,1,0,0
BRDA:24,1,1,1
BRDA:55,2,0,1
BRDA:55,2,1,0
BRDA:60,3,0,0
BRDA:60,3,1,1
BRDA:72,4,0,1
BRDA:72,4,1,0
BRDA:75,5,0,1
BRDA:75,5,1,2
BRDA:87,6,0,0
BRDA:87,6,1,1
BRDA:89,7,0,1
BRDA:89,7,1,0
BRDA:102,8,0,0
BRDA:102,8,1,0
BRF:18
BRH:8
end_of_record
TN:
SF:src/infra/db/index.js
FNF:0
FNH:0
DA:1,4
DA:2,4
DA:4,4
LF:3
LH:3
BRF:0
BRH:0
end_of_record
TN:
SF:src/infra/db/models/address.js
FN:5,(anonymous_0)
FN:47,(anonymous_1)
FNF:2
FNH:2
FNDA:4,(anonymous_0)
FNDA:4,(anonymous_1)
DA:1,4
DA:5,4
DA:6,4
DA:47,4
DA:49,4
DA:56,4
LF:6
LH:6
BRF:0
BRH:0
end_of_record
TN:
SF:src/infra/db/models/contact.js
FN:6,(anonymous_0)
FN:51,(anonymous_1)
FNF:2
FNH:2
FNDA:4,(anonymous_0)
FNDA:4,(anonymous_1)
DA:2,4
DA:6,4
DA:7,4
DA:51,4
DA:52,4
DA:59,4
LF:6
LH:6
BRF:0
BRH:0
end_of_record
TN:
SF:src/infra/db/models/index.js
FN:23,(anonymous_0)
FN:24,(anonymous_1)
FN:30,(anonymous_2)
FNF:3
FNH:3
FNDA:24,(anonymous_0)
FNDA:20,(anonymous_1)
FNDA:20,(anonymous_2)
DA:1,4
DA:2,4
DA:3,4
DA:4,4
DA:6,4
DA:18,4
DA:21,4
DA:22,4
DA:23,24
DA:25,20
DA:26,20
DA:30,4
DA:31,20
DA:32,20
DA:37,4
LF:15
LH:15
BRDA:23,0,0,24
BRDA:23,0,1,24
BRDA:23,0,2,20
BRDA:31,1,0,20
BRDA:31,1,1,0
BRF:5
BRH:4
end_of_record
TN:
SF:src/infra/db/models/interaction.js
FN:5,(anonymous_0)
FN:43,(anonymous_1)
FNF:2
FNH:2
FNDA:4,(anonymous_0)
FNDA:4,(anonymous_1)
DA:1,4
DA:5,4
DA:6,4
DA:43,4
DA:44,4
DA:52,4
LF:6
LH:6
BRF:0
BRH:0
end_of_record
TN:
SF:src/infra/db/models/restaurant.js
FN:5,(anonymous_0)
FN:48,(anonymous_1)
FNF:2
FNH:2
FNDA:4,(anonymous_0)
FNDA:4,(anonymous_1)
DA:1,4
DA:5,4
DA:6,4
DA:48,4
DA:50,4
DA:56,4
DA:63,4
DA:71,4
LF:8
LH:8
BRF:0
BRH:0
end_of_record
TN:
SF:src/infra/db/models/user.js
FN:5,(anonymous_0)
FN:35,(anonymous_1)
FNF:2
FNH:2
FNDA:4,(anonymous_0)
FNDA:4,(anonymous_1)
DA:1,4
DA:5,4
DA:6,4
DA:35,4
DA:36,4
DA:43,4
LF:6
LH:6
BRF:0
BRH:0
end_of_record
TN:
SF:src/utils/timezone.js
FN:9,(anonymous_0)
FN:19,(anonymous_1)
FN:30,(anonymous_2)
FN:39,(anonymous_3)
FNF:4
FNH:0
FNDA:0,(anonymous_0)
FNDA:0,(anonymous_1)
FNDA:0,(anonymous_2)
FNDA:0,(anonymous_3)
DA:1,1
DA:3,1
DA:10,0
DA:20,0
DA:31,0
DA:40,0
DA:44,1
LF:7
LH:3
BRF:0
BRH:0
end_of_record
